sqlite-android/build/intermediates/manifest_merge_blame_file/debug/manifest-merger-blame-debug-report.txt
1<?xml version="1.0" encoding="utf-8"?>
2<manifest xmlns:android="http://schemas.android.com/apk/res/android"
3    package="org.sqlite.database"
4    android:versionCode="1"
5    android:versionName="master-SNAPSHOT" >
6
7    <uses-sdk
8        android:minSdkVersion="16"
8-->Toilet-in-Istanbul/sqlite-android/AndroidManifest.xml
9        android:targetSdkVersion="29" />
9-->Toilet-in-Istanbul/sqlite-android/AndroidManifest.xml
10
11</manifest>